<?xml version="1.0" encoding="UTF-8"?>
<testng-results ignored="0" total="1" passed="1" failed="0" skipped="0">
  <reporter-output>
  </reporter-output>
  <suite started-at="2021-06-04T00:18:06 IST" name="Surefire suite" finished-at="2021-06-04T00:18:06 IST" duration-ms="70">
    <groups>
    </groups>
    <test started-at="2021-06-04T00:18:06 IST" name="Surefire test" finished-at="2021-06-04T00:18:06 IST" duration-ms="70">
      <class name="Mavon_project.mavonproject.AppTest">
        <test-method signature="testApp()[pri:0, instance:testApp(Mavon_project.mavonproject.AppTest)]" started-at="2021-06-04T00:18:06 IST" name="testApp" finished-at="2021-06-04T00:18:06 IST" duration-ms="2" status="PASS">
          <reporter-output>
          </reporter-output>
        </test-method> <!-- testApp -->
      </class> <!-- Mavon_project.mavonproject.AppTest -->
    </test> <!-- Surefire test -->
  </suite> <!-- Surefire suite -->
</testng-results>
