<?xml version="1.0" encoding="UTF-8"?>
<!-- Generated by org.testng.reporters.JUnitXMLReporter -->
<testsuite ignored="0" hostname="DESKTOP-I272VCD" failures="0" tests="4" name="Surefire test" time="0.078" errors="0" timestamp="2021-06-04T00:18:06 IST">
  <testcase classname="Mavon_project.mavonproject.TestCase1" name="regression1" time="0.006"/>
  <testcase classname="Mavon_project.mavonproject.TestCase2" name="regression1" time="0.0"/>
  <testcase classname="Mavon_project.mavonproject.TestCase3" name="sanity1" time="0.0"/>
  <testcase classname="Mavon_project.mavonproject.TestCase4" name="sanity1" time="0.001"/>
</testsuite> <!-- Surefire test -->
