<?xml version="1.0" encoding="UTF-8"?>
<testng-results ignored="0" total="4" passed="4" failed="0" skipped="0">
  <reporter-output>
  </reporter-output>
  <suite started-at="2021-06-04T00:18:06 IST" name="Surefire suite" finished-at="2021-06-04T00:18:06 IST" duration-ms="78">
    <groups>
    </groups>
    <test started-at="2021-06-04T00:18:06 IST" name="Surefire test" finished-at="2021-06-04T00:18:06 IST" duration-ms="78">
      <class name="Mavon_project.mavonproject.TestCase2">
        <test-method signature="regression1()[pri:0, instance:Mavon_project.mavonproject.TestCase2@5c90e579]" started-at="2021-06-04T00:18:06 IST" name="regression1" finished-at="2021-06-04T00:18:06 IST" duration-ms="0" status="PASS">
          <reporter-output>
          </reporter-output>
        </test-method> <!-- regression1 -->
      </class> <!-- Mavon_project.mavonproject.TestCase2 -->
      <class name="Mavon_project.mavonproject.TestCase1">
        <test-method signature="regression1()[pri:0, instance:Mavon_project.mavonproject.TestCase1@385e9564]" started-at="2021-06-04T00:18:06 IST" name="regression1" finished-at="2021-06-04T00:18:06 IST" duration-ms="6" status="PASS">
          <reporter-output>
          </reporter-output>
        </test-method> <!-- regression1 -->
      </class> <!-- Mavon_project.mavonproject.TestCase1 -->
      <class name="Mavon_project.mavonproject.TestCase4">
        <test-method signature="sanity1()[pri:0, instance:Mavon_project.mavonproject.TestCase4@6f45df59]" started-at="2021-06-04T00:18:06 IST" name="sanity1" finished-at="2021-06-04T00:18:06 IST" duration-ms="1" status="PASS">
          <reporter-output>
          </reporter-output>
        </test-method> <!-- sanity1 -->
      </class> <!-- Mavon_project.mavonproject.TestCase4 -->
      <class name="Mavon_project.mavonproject.TestCase3">
        <test-method signature="sanity1()[pri:0, instance:Mavon_project.mavonproject.TestCase3@58ea606c]" started-at="2021-06-04T00:18:06 IST" name="sanity1" finished-at="2021-06-04T00:18:06 IST" duration-ms="0" status="PASS">
          <reporter-output>
          </reporter-output>
        </test-method> <!-- sanity1 -->
      </class> <!-- Mavon_project.mavonproject.TestCase3 -->
    </test> <!-- Surefire test -->
  </suite> <!-- Surefire suite -->
</testng-results>
