<?xml version="1.0" encoding="UTF-8"?>
<testsuite xmlns:xsi="http://www.w3.org/2001/XMLSchema-instance" xsi:noNamespaceSchemaLocation="https://maven.apache.org/surefire/maven-surefire-plugin/xsd/surefire-test-report-3.0.xsd" version="3.0" name="TestSuite" time="1.506" tests="5" errors="0" skipped="0" failures="0">
  <properties>
[...]
</properties>
  <testcase name="regression1" classname="Mavon_project.mavonproject.TestCase1" time="0.007">
    <system-out><![CDATA[Hello
]]></system-out>
  </testcase>
  <testcase name="regression1" classname="Mavon_project.mavonproject.TestCase2" time="0.001">
    <system-out><![CDATA[Freendssss
]]></system-out>
  </testcase>
  <testcase name="sanity1" classname="Mavon_project.mavonproject.TestCase3" time="0">
    <system-out><![CDATA[pilo
]]></system-out>
  </testcase>
  <testcase name="sanity1" classname="Mavon_project.mavonproject.TestCase4" time="0">
    <system-out><![CDATA[chai
]]></system-out>
  </testcase>
  <testcase name="testApp on testApp(Mavon_project.mavonproject.AppTest)" classname="Mavon_project.mavonproject.AppTest" time="0.667"/>
</testsuite>